<?xml version="1.0" encoding="UTF-8"?>

<beans xmlns="http://www.springframework.org/schema/beans"
	xmlns:xsi="http://www.w3.org/2001/XMLSchema-instance" xmlns:context="http://www.springframework.org/schema/context"
	xmlns:jpa="http://www.springframework.org/schema/data/jpa"
	xmlns:jdbc="http://www.springframework.org/schema/jdbc"
	xsi:schemaLocation="http://www.springframework.org/schema/beans
    http://www.springframework.org/schema/beans/spring-beans-3.0.xsd
    http://www.springframework.org/schema/context
    http://www.springframework.org/schema/context/spring-context-3.0.xsd
    http://www.springframework.org/schema/data/jpa 
    http://www.springframework.org/schema/data/jpa/spring-jpa.xsd
    http://www.springframework.org/schema/jdbc
    http://www.springframework.org/schema/jdbc/spring-jdbc-3.0.xsd">

	<context:annotation-config />

	<jpa:repositories base-package="org.georchestra.mapfishapp.repository" />

	<jdbc:embedded-database id="dataSource" type="H2" />


	<!-- ============================= -->
	<!-- ENTITY MANAGER -->
	<!-- ============================= -->
	<bean id="entityManagerFactory"
		class="org.springframework.orm.jpa.LocalContainerEntityManagerFactoryBean">
		<property name="dataSource" ref="dataSource" />
		<property name="persistenceUnitName" value="springDataJPA" />
		<property name="jpaVendorAdapter">
			<bean class="org.springframework.orm.jpa.vendor.HibernateJpaVendorAdapter" />
		</property>
		<property name="jpaProperties">
			<props>

				<!-- dialect -->
				<!-- <prop key="hibernate.dialect">${jdbc.dialect}</prop> -->
				<prop key="hibernate.dialect">org.hibernate.dialect.H2Dialect</prop>
				<prop key="hibernate.connection.useUnicode">true</prop>
				<prop key="hibernate.connection.charSet">UTF-8</prop>

				<!-- logging debug information, change this to debug -->
				<prop key="hibernate.show_sql">false</prop>
				<prop key="hibernate.format_sql">false</prop>
				<prop key="hibernate.generate_statistics">false</prop>
				<prop key="hibernate.use_sql_comments">false</prop>
				<prop key="hibernate.hbm2ddl.auto">update</prop>

			</props>
		</property>
	</bean>

	<!-- ============================= -->
	<!-- TRANSACTION MANAGER -->
	<!-- ============================= -->
	<bean id="transactionManager" class="org.springframework.orm.jpa.JpaTransactionManager">
		<property name="entityManagerFactory" ref="entityManagerFactory" />
	</bean>

	<!-- ============================= -->
	<!-- SESSION FACTORY -->
	<!-- ============================= -->
	<bean id="sessionFactory" factory-bean="entityManagerFactory"
		factory-method="getSessionFactory" />

</beans> 
